<?xml version="1.0" encoding="UTF-8"?>
<testsuite name="test.pivotal.pal.tracker.projects.ProjectDataGatewayTest" tests="3" skipped="0" failures="0" errors="0" timestamp="2020-06-26T14:10:41" hostname="ip-172-31-80-12" time="0.383">
  <properties/>
  <testcase name="testFind" classname="test.pivotal.pal.tracker.projects.ProjectDataGatewayTest" time="0.287"/>
  <testcase name="testFindAllByAccountId" classname="test.pivotal.pal.tracker.projects.ProjectDataGatewayTest" time="0.043"/>
  <testcase name="testCreate" classname="test.pivotal.pal.tracker.projects.ProjectDataGatewayTest" time="0.052"/>
  <system-out><![CDATA[]]></system-out>
  <system-err><![CDATA[SLF4J: Failed to load class "org.slf4j.impl.StaticLoggerBinder".
SLF4J: Defaulting to no-operation (NOP) logger implementation
SLF4J: See http://www.slf4j.org/codes.html#StaticLoggerBinder for further details.
]]></system-err>
</testsuite>
